<?xml version="1.0" encoding="UTF-8"?>
<testsuite xmlns:xsi="http://www.w3.org/2001/XMLSchema-instance" xsi:noNamespaceSchemaLocation="https://maven.apache.org/surefire/maven-surefire-plugin/xsd/surefire-test-report.xsd" name="examen.demo.DemoApplicationTests" time="12.245" tests="1" errors="0" skipped="0" failures="0">
  <properties>
    <property name="sun.desktop" value="gnome"/>
    <property name="awt.toolkit" value="sun.awt.X11.XToolkit"/>
    <property name="java.specification.version" value="11"/>
    <property name="sun.cpu.isalist" value=""/>
    <property name="sun.jnu.encoding" value="UTF-8"/>
    <property name="java.class.path" value="/home/usuario/NetBeansProjects/SpringBoot/examen/target/test-classes:/home/usuario/NetBeansProjects/SpringBoot/examen/target/classes:/home/usuario/.m2/repository/org/hibernate/hibernate-core/5.6.10.Final/hibernate-core-5.6.10.Final.jar:/home/usuario/.m2/repository/org/jboss/logging/jboss-logging/3.4.3.Final/jboss-logging-3.4.3.Final.jar:/home/usuario/.m2/repository/javax/persistence/javax.persistence-api/2.2/javax.persistence-api-2.2.jar:/home/usuario/.m2/repository/net/bytebuddy/byte-buddy/1.12.12/byte-buddy-1.12.12.jar:/home/usuario/.m2/repository/antlr/antlr/2.7.7/antlr-2.7.7.jar:/home/usuario/.m2/repository/org/jboss/spec/javax/transaction/jboss-transaction-api_1.2_spec/1.1.1.Final/jboss-transaction-api_1.2_spec-1.1.1.Final.jar:/home/usuario/.m2/repository/org/jboss/jandex/2.4.2.Final/jandex-2.4.2.Final.jar:/home/usuario/.m2/repository/com/fasterxml/classmate/1.5.1/classmate-1.5.1.jar:/home/usuario/.m2/repository/javax/activation/javax.activation-api/1.2.0/javax.activation-api-1.2.0.jar:/home/usuario/.m2/repository/org/hibernate/common/hibernate-commons-annotations/5.1.2.Final/hibernate-commons-annotations-5.1.2.Final.jar:/home/usuario/.m2/repository/javax/xml/bind/jaxb-api/2.3.1/jaxb-api-2.3.1.jar:/home/usuario/.m2/repository/org/glassfish/jaxb/jaxb-runtime/2.3.6/jaxb-runtime-2.3.6.jar:/home/usuario/.m2/repository/org/glassfish/jaxb/txw2/2.3.6/txw2-2.3.6.jar:/home/usuario/.m2/repository/com/sun/istack/istack-commons-runtime/3.0.12/istack-commons-runtime-3.0.12.jar:/home/usuario/.m2/repository/com/sun/activation/jakarta.activation/1.2.2/jakarta.activation-1.2.2.jar:/home/usuario/.m2/repository/org/springframework/boot/spring-boot-starter-data-rest/2.7.2/spring-boot-starter-data-rest-2.7.2.jar:/home/usuario/.m2/repository/org/springframework/data/spring-data-rest-webmvc/3.7.2/spring-data-rest-webmvc-3.7.2.jar:/home/usuario/.m2/repository/org/springframework/data/spring-data-rest-core/3.7.2/spring-data-rest-core-3.7.2.jar:/home/usuario/.m2/repository/org/atteo/evo-inflector/1.3/evo-inflector-1.3.jar:/home/usuario/.m2/repository/com/fasterxml/jackson/core/jackson-databind/2.13.3/jackson-databind-2.13.3.jar:/home/usuario/.m2/repository/com/fasterxml/jackson/core/jackson-core/2.13.3/jackson-core-2.13.3.jar:/home/usuario/.m2/repository/com/fasterxml/jackson/core/jackson-annotations/2.13.3/jackson-annotations-2.13.3.jar:/home/usuario/.m2/repository/org/springframework/boot/spring-boot-starter-security/2.7.2/spring-boot-starter-security-2.7.2.jar:/home/usuario/.m2/repository/org/springframework/boot/spring-boot-starter/2.7.2/spring-boot-starter-2.7.2.jar:/home/usuario/.m2/repository/org/springframework/boot/spring-boot-starter-logging/2.7.2/spring-boot-starter-logging-2.7.2.jar:/home/usuario/.m2/repository/ch/qos/logback/logback-classic/1.2.11/logback-classic-1.2.11.jar:/home/usuario/.m2/repository/ch/qos/logback/logback-core/1.2.11/logback-core-1.2.11.jar:/home/usuario/.m2/repository/org/apache/logging/log4j/log4j-to-slf4j/2.17.2/log4j-to-slf4j-2.17.2.jar:/home/usuario/.m2/repository/org/apache/logging/log4j/log4j-api/2.17.2/log4j-api-2.17.2.jar:/home/usuario/.m2/repository/org/slf4j/jul-to-slf4j/1.7.36/jul-to-slf4j-1.7.36.jar:/home/usuario/.m2/repository/org/yaml/snakeyaml/1.30/snakeyaml-1.30.jar:/home/usuario/.m2/repository/org/springframework/spring-aop/5.3.22/spring-aop-5.3.22.jar:/home/usuario/.m2/repository/org/springframework/security/spring-security-config/5.7.2/spring-security-config-5.7.2.jar:/home/usuario/.m2/repository/org/springframework/security/spring-security-core/5.7.2/spring-security-core-5.7.2.jar:/home/usuario/.m2/repository/org/springframework/security/spring-security-crypto/5.7.2/spring-security-crypto-5.7.2.jar:/home/usuario/.m2/repository/org/springframework/security/spring-security-web/5.7.2/spring-security-web-5.7.2.jar:/home/usuario/.m2/repository/org/springframework/spring-expression/5.3.22/spring-expression-5.3.22.jar:/home/usuario/.m2/repository/org/springframework/boot/spring-boot-starter-freemarker/2.7.2/spring-boot-starter-freemarker-2.7.2.jar:/home/usuario/.m2/repository/org/freemarker/freemarker/2.3.31/freemarker-2.3.31.jar:/home/usuario/.m2/repository/org/springframework/spring-context-support/5.3.22/spring-context-support-5.3.22.jar:/home/usuario/.m2/repository/org/springframework/boot/spring-boot-starter-graphql/2.7.2/spring-boot-starter-graphql-2.7.2.jar:/home/usuario/.m2/repository/org/springframework/boot/spring-boot-starter-json/2.7.2/spring-boot-starter-json-2.7.2.jar:/home/usuario/.m2/repository/com/fasterxml/jackson/datatype/jackson-datatype-jdk8/2.13.3/jackson-datatype-jdk8-2.13.3.jar:/home/usuario/.m2/repository/com/fasterxml/jackson/datatype/jackson-datatype-jsr310/2.13.3/jackson-datatype-jsr310-2.13.3.jar:/home/usuario/.m2/repository/com/fasterxml/jackson/module/jackson-module-parameter-names/2.13.3/jackson-module-parameter-names-2.13.3.jar:/home/usuario/.m2/repository/org/springframework/graphql/spring-graphql/1.0.1/spring-graphql-1.0.1.jar:/home/usuario/.m2/repository/org/springframework/boot/spring-boot-starter-hateoas/2.7.2/spring-boot-starter-hateoas-2.7.2.jar:/home/usuario/.m2/repository/org/springframework/hateoas/spring-hateoas/1.5.1/spring-hateoas-1.5.1.jar:/home/usuario/.m2/repository/org/springframework/plugin/spring-plugin-core/2.0.0.RELEASE/spring-plugin-core-2.0.0.RELEASE.jar:/home/usuario/.m2/repository/org/springframework/boot/spring-boot-starter-jersey/2.7.2/spring-boot-starter-jersey-2.7.2.jar:/home/usuario/.m2/repository/org/springframework/boot/spring-boot-starter-validation/2.7.2/spring-boot-starter-validation-2.7.2.jar:/home/usuario/.m2/repository/org/hibernate/validator/hibernate-validator/6.2.3.Final/hibernate-validator-6.2.3.Final.jar:/home/usuario/.m2/repository/org/springframework/spring-web/5.3.22/spring-web-5.3.22.jar:/home/usuario/.m2/repository/org/glassfish/jersey/core/jersey-server/2.35/jersey-server-2.35.jar:/home/usuario/.m2/repository/org/glassfish/jersey/core/jersey-common/2.35/jersey-common-2.35.jar:/home/usuario/.m2/repository/org/glassfish/hk2/osgi-resource-locator/1.0.3/osgi-resource-locator-1.0.3.jar:/home/usuario/.m2/repository/org/glassfish/jersey/core/jersey-client/2.35/jersey-client-2.35.jar:/home/usuario/.m2/repository/jakarta/ws/rs/jakarta.ws.rs-api/2.1.6/jakarta.ws.rs-api-2.1.6.jar:/home/usuario/.m2/repository/org/glassfish/hk2/external/jakarta.inject/2.6.1/jakarta.inject-2.6.1.jar:/home/usuario/.m2/repository/jakarta/validation/jakarta.validation-api/2.0.2/jakarta.validation-api-2.0.2.jar:/home/usuario/.m2/repository/org/glassfish/jersey/containers/jersey-container-servlet-core/2.35/jersey-container-servlet-core-2.35.jar:/home/usuario/.m2/repository/org/glassfish/jersey/containers/jersey-container-servlet/2.35/jersey-container-servlet-2.35.jar:/home/usuario/.m2/repository/org/glassfish/jersey/ext/jersey-bean-validation/2.35/jersey-bean-validation-2.35.jar:/home/usuario/.m2/repository/org/glassfish/jersey/ext/jersey-spring5/2.35/jersey-spring5-2.35.jar:/home/usuario/.m2/repository/org/glassfish/jersey/inject/jersey-hk2/2.35/jersey-hk2-2.35.jar:/home/usuario/.m2/repository/org/glassfish/hk2/hk2-locator/2.6.1/hk2-locator-2.6.1.jar:/home/usuario/.m2/repository/org/glassfish/hk2/external/aopalliance-repackaged/2.6.1/aopalliance-repackaged-2.6.1.jar:/home/usuario/.m2/repository/org/javassist/javassist/3.25.0-GA/javassist-3.25.0-GA.jar:/home/usuario/.m2/repository/org/glassfish/hk2/hk2/2.6.1/hk2-2.6.1.jar:/home/usuario/.m2/repository/org/glassfish/hk2/hk2-utils/2.6.1/hk2-utils-2.6.1.jar:/home/usuario/.m2/repository/org/glassfish/hk2/hk2-api/2.6.1/hk2-api-2.6.1.jar:/home/usuario/.m2/repository/org/glassfish/hk2/hk2-core/2.6.1/hk2-core-2.6.1.jar:/home/usuario/.m2/repository/org/glassfish/hk2/hk2-runlevel/2.6.1/hk2-runlevel-2.6.1.jar:/home/usuario/.m2/repository/org/glassfish/hk2/class-model/2.6.1/class-model-2.6.1.jar:/home/usuario/.m2/repository/org/ow2/asm/asm/7.1/asm-7.1.jar:/home/usuario/.m2/repository/org/ow2/asm/asm-analysis/7.1/asm-analysis-7.1.jar:/home/usuario/.m2/repository/org/ow2/asm/asm-commons/7.1/asm-commons-7.1.jar:/home/usuario/.m2/repository/org/ow2/asm/asm-tree/7.1/asm-tree-7.1.jar:/home/usuario/.m2/repository/org/ow2/asm/asm-util/7.1/asm-util-7.1.jar:/home/usuario/.m2/repository/org/glassfish/hk2/spring-bridge/2.6.1/spring-bridge-2.6.1.jar:/home/usuario/.m2/repository/org/glassfish/jersey/media/jersey-media-json-jackson/2.35/jersey-media-json-jackson-2.35.jar:/home/usuario/.m2/repository/org/glassfish/jersey/ext/jersey-entity-filtering/2.35/jersey-entity-filtering-2.35.jar:/home/usuario/.m2/repository/com/fasterxml/jackson/module/jackson-module-jaxb-annotations/2.13.3/jackson-module-jaxb-annotations-2.13.3.jar:/home/usuario/.m2/repository/org/springframework/boot/spring-boot-starter-thymeleaf/2.7.2/spring-boot-starter-thymeleaf-2.7.2.jar:/home/usuario/.m2/repository/org/thymeleaf/thymeleaf-spring5/3.0.15.RELEASE/thymeleaf-spring5-3.0.15.RELEASE.jar:/home/usuario/.m2/repository/org/thymeleaf/thymeleaf/3.0.15.RELEASE/thymeleaf-3.0.15.RELEASE.jar:/home/usuario/.m2/repository/org/attoparser/attoparser/2.0.5.RELEASE/attoparser-2.0.5.RELEASE.jar:/home/usuario/.m2/repository/org/unbescape/unbescape/1.1.6.RELEASE/unbescape-1.1.6.RELEASE.jar:/home/usuario/.m2/repository/org/thymeleaf/extras/thymeleaf-extras-java8time/3.0.4.RELEASE/thymeleaf-extras-java8time-3.0.4.RELEASE.jar:/home/usuario/.m2/repository/org/springframework/boot/spring-boot-starter-web/2.7.2/spring-boot-starter-web-2.7.2.jar:/home/usuario/.m2/repository/org/springframework/spring-webmvc/5.3.22/spring-webmvc-5.3.22.jar:/home/usuario/.m2/repository/org/springframework/boot/spring-boot-starter-web-services/2.7.2/spring-boot-starter-web-services-2.7.2.jar:/home/usuario/.m2/repository/com/sun/xml/messaging/saaj/saaj-impl/1.5.3/saaj-impl-1.5.3.jar:/home/usuario/.m2/repository/jakarta/xml/soap/jakarta.xml.soap-api/1.4.2/jakarta.xml.soap-api-1.4.2.jar:/home/usuario/.m2/repository/org/jvnet/staxex/stax-ex/1.8.3/stax-ex-1.8.3.jar:/home/usuario/.m2/repository/jakarta/xml/ws/jakarta.xml.ws-api/2.3.3/jakarta.xml.ws-api-2.3.3.jar:/home/usuario/.m2/repository/jakarta/jws/jakarta.jws-api/2.1.0/jakarta.jws-api-2.1.0.jar:/home/usuario/.m2/repository/org/springframework/spring-oxm/5.3.22/spring-oxm-5.3.22.jar:/home/usuario/.m2/repository/org/springframework/ws/spring-ws-core/3.1.3/spring-ws-core-3.1.3.jar:/home/usuario/.m2/repository/org/springframework/ws/spring-xml/3.1.3/spring-xml-3.1.3.jar:/home/usuario/.m2/repository/org/springframework/boot/spring-boot-starter-webflux/2.7.2/spring-boot-starter-webflux-2.7.2.jar:/home/usuario/.m2/repository/org/springframework/boot/spring-boot-starter-reactor-netty/2.7.2/spring-boot-starter-reactor-netty-2.7.2.jar:/home/usuario/.m2/repository/io/projectreactor/netty/reactor-netty-http/1.0.21/reactor-netty-http-1.0.21.jar:/home/usuario/.m2/repository/io/netty/netty-codec-http/4.1.79.Final/netty-codec-http-4.1.79.Final.jar:/home/usuario/.m2/repository/io/netty/netty-common/4.1.79.Final/netty-common-4.1.79.Final.jar:/home/usuario/.m2/repository/io/netty/netty-buffer/4.1.79.Final/netty-buffer-4.1.79.Final.jar:/home/usuario/.m2/repository/io/netty/netty-transport/4.1.79.Final/netty-transport-4.1.79.Final.jar:/home/usuario/.m2/repository/io/netty/netty-codec/4.1.79.Final/netty-codec-4.1.79.Final.jar:/home/usuario/.m2/repository/io/netty/netty-handler/4.1.79.Final/netty-handler-4.1.79.Final.jar:/home/usuario/.m2/repository/io/netty/netty-codec-http2/4.1.79.Final/netty-codec-http2-4.1.79.Final.jar:/home/usuario/.m2/repository/io/netty/netty-resolver-dns/4.1.79.Final/netty-resolver-dns-4.1.79.Final.jar:/home/usuario/.m2/repository/io/netty/netty-resolver/4.1.79.Final/netty-resolver-4.1.79.Final.jar:/home/usuario/.m2/repository/io/netty/netty-codec-dns/4.1.79.Final/netty-codec-dns-4.1.79.Final.jar:/home/usuario/.m2/repository/io/netty/netty-resolver-dns-native-macos/4.1.79.Final/netty-resolver-dns-native-macos-4.1.79.Final-osx-x86_64.jar:/home/usuario/.m2/repository/io/netty/netty-resolver-dns-classes-macos/4.1.79.Final/netty-resolver-dns-classes-macos-4.1.79.Final.jar:/home/usuario/.m2/repository/io/netty/netty-transport-native-epoll/4.1.79.Final/netty-transport-native-epoll-4.1.79.Final-linux-x86_64.jar:/home/usuario/.m2/repository/io/netty/netty-transport-native-unix-common/4.1.79.Final/netty-transport-native-unix-common-4.1.79.Final.jar:/home/usuario/.m2/repository/io/netty/netty-transport-classes-epoll/4.1.79.Final/netty-transport-classes-epoll-4.1.79.Final.jar:/home/usuario/.m2/repository/io/projectreactor/netty/reactor-netty-core/1.0.21/reactor-netty-core-1.0.21.jar:/home/usuario/.m2/repository/io/netty/netty-handler-proxy/4.1.79.Final/netty-handler-proxy-4.1.79.Final.jar:/home/usuario/.m2/repository/io/netty/netty-codec-socks/4.1.79.Final/netty-codec-socks-4.1.79.Final.jar:/home/usuario/.m2/repository/org/springframework/spring-webflux/5.3.22/spring-webflux-5.3.22.jar:/home/usuario/.m2/repository/com/vaadin/vaadin-spring-boot-starter/23.1.2/vaadin-spring-boot-starter-23.1.2.jar:/home/usuario/.m2/repository/com/vaadin/vaadin-spring/23.1.2/vaadin-spring-23.1.2.jar:/home/usuario/.m2/repository/com/vaadin/flow-server/23.1.2/flow-server-23.1.2.jar:/home/usuario/.m2/repository/javax/annotation/javax.annotation-api/1.3.2/javax.annotation-api-1.3.2.jar:/home/usuario/.m2/repository/com/vaadin/external/gwt/gwt-elemental/2.8.2.vaadin2/gwt-elemental-2.8.2.vaadin2.jar:/home/usuario/.m2/repository/commons-fileupload/commons-fileupload/1.4/commons-fileupload-1.4.jar:/home/usuario/.m2/repository/commons-io/commons-io/2.11.0/commons-io-2.11.0.jar:/home/usuario/.m2/repository/org/jsoup/jsoup/1.14.3/jsoup-1.14.3.jar:/home/usuario/.m2/repository/com/helger/ph-css/6.5.0/ph-css-6.5.0.jar:/home/usuario/.m2/repository/com/helger/commons/ph-commons/10.1.6/ph-commons-10.1.6.jar:/home/usuario/.m2/repository/com/vaadin/external/gentyref/1.2.0.vaadin1/gentyref-1.2.0.vaadin1.jar:/home/usuario/.m2/repository/org/apache/commons/commons-compress/1.21/commons-compress-1.21.jar:/home/usuario/.m2/repository/org/apache/httpcomponents/httpclient/4.5.13/httpclient-4.5.13.jar:/home/usuario/.m2/repository/org/apache/httpcomponents/httpcore/4.4.15/httpcore-4.4.15.jar:/home/usuario/.m2/repository/commons-codec/commons-codec/1.15/commons-codec-1.15.jar:/home/usuario/.m2/repository/com/vaadin/flow-push/23.1.2/flow-push-23.1.2.jar:/home/usuario/.m2/repository/com/vaadin/external/atmosphere/atmosphere-runtime/2.7.3.slf4jvaadin4/atmosphere-runtime-2.7.3.slf4jvaadin4.jar:/home/usuario/.m2/repository/com/vaadin/flow-client/23.1.2/flow-client-23.1.2.jar:/home/usuario/.m2/repository/org/springframework/spring-websocket/5.3.22/spring-websocket-5.3.22.jar:/home/usuario/.m2/repository/com/vaadin/vaadin-core/23.1.2/vaadin-core-23.1.2.jar:/home/usuario/.m2/repository/com/vaadin/vaadin-dev-server/23.1.2/vaadin-dev-server-23.1.2.jar:/home/usuario/.m2/repository/com/vaadin/license-checker/1.4.1/license-checker-1.4.1.jar:/home/usuario/.m2/repository/com/github/oshi/oshi-core/6.1.6/oshi-core-6.1.6.jar:/home/usuario/.m2/repository/net/java/dev/jna/jna/5.11.0/jna-5.11.0.jar:/home/usuario/.m2/repository/net/java/dev/jna/jna-platform/5.11.0/jna-platform-5.11.0.jar:/home/usuario/.m2/repository/com/vaadin/flow-lit-template/23.1.2/flow-lit-template-23.1.2.jar:/home/usuario/.m2/repository/com/vaadin/flow-polymer-template/23.1.2/flow-polymer-template-23.1.2.jar:/home/usuario/.m2/repository/com/vaadin/flow-html-components/23.1.2/flow-html-components-23.1.2.jar:/home/usuario/.m2/repository/com/vaadin/flow-data/23.1.2/flow-data-23.1.2.jar:/home/usuario/.m2/repository/javax/validation/validation-api/2.0.1.Final/validation-api-2.0.1.Final.jar:/home/usuario/.m2/repository/com/vaadin/flow-dnd/23.1.2/flow-dnd-23.1.2.jar:/home/usuario/.m2/repository/org/webjars/npm/vaadin__vaadin-mobile-drag-drop/1.0.1/vaadin__vaadin-mobile-drag-drop-1.0.1.jar:/home/usuario/.m2/repository/org/webjars/npm/mobile-drag-drop/2.3.0-rc.2/mobile-drag-drop-2.3.0-rc.2.jar:/home/usuario/.m2/repository/com/vaadin/vaadin-lumo-theme/23.1.2/vaadin-lumo-theme-23.1.2.jar:/home/usuario/.m2/repository/com/vaadin/vaadin-material-theme/23.1.2/vaadin-material-theme-23.1.2.jar:/home/usuario/.m2/repository/com/vaadin/vaadin-accordion-flow/23.1.2/vaadin-accordion-flow-23.1.2.jar:/home/usuario/.m2/repository/com/vaadin/vaadin-avatar-flow/23.1.2/vaadin-avatar-flow-23.1.2.jar:/home/usuario/.m2/repository/com/vaadin/vaadin-button-flow/23.1.2/vaadin-button-flow-23.1.2.jar:/home/usuario/.m2/repository/com/vaadin/vaadin-checkbox-flow/23.1.2/vaadin-checkbox-flow-23.1.2.jar:/home/usuario/.m2/repository/com/vaadin/vaadin-combo-box-flow/23.1.2/vaadin-combo-box-flow-23.1.2.jar:/home/usuario/.m2/repository/com/vaadin/vaadin-flow-components-base/23.1.2/vaadin-flow-components-base-23.1.2.jar:/home/usuario/.m2/repository/com/vaadin/vaadin-custom-field-flow/23.1.2/vaadin-custom-field-flow-23.1.2.jar:/home/usuario/.m2/repository/com/vaadin/vaadin-date-picker-flow/23.1.2/vaadin-date-picker-flow-23.1.2.jar:/home/usuario/.m2/repository/com/vaadin/vaadin-date-time-picker-flow/23.1.2/vaadin-date-time-picker-flow-23.1.2.jar:/home/usuario/.m2/repository/com/vaadin/vaadin-details-flow/23.1.2/vaadin-details-flow-23.1.2.jar:/home/usuario/.m2/repository/com/vaadin/vaadin-time-picker-flow/23.1.2/vaadin-time-picker-flow-23.1.2.jar:/home/usuario/.m2/repository/com/vaadin/vaadin-select-flow/23.1.2/vaadin-select-flow-23.1.2.jar:/home/usuario/.m2/repository/com/vaadin/vaadin-dialog-flow/23.1.2/vaadin-dialog-flow-23.1.2.jar:/home/usuario/.m2/repository/com/vaadin/vaadin-form-layout-flow/23.1.2/vaadin-form-layout-flow-23.1.2.jar:/home/usuario/.m2/repository/com/vaadin/vaadin-grid-flow/23.1.2/vaadin-grid-flow-23.1.2.jar:/home/usuario/.m2/repository/org/apache/commons/commons-lang3/3.12.0/commons-lang3-3.12.0.jar:/home/usuario/.m2/repository/com/vaadin/vaadin-icons-flow/23.1.2/vaadin-icons-flow-23.1.2.jar:/home/usuario/.m2/repository/com/vaadin/vaadin-iron-list-flow/23.1.2/vaadin-iron-list-flow-23.1.2.jar:/home/usuario/.m2/repository/com/vaadin/vaadin-virtual-list-flow/23.1.2/vaadin-virtual-list-flow-23.1.2.jar:/home/usuario/.m2/repository/com/vaadin/vaadin-list-box-flow/23.1.2/vaadin-list-box-flow-23.1.2.jar:/home/usuario/.m2/repository/com/vaadin/vaadin-login-flow/23.1.2/vaadin-login-flow-23.1.2.jar:/home/usuario/.m2/repository/com/vaadin/vaadin-messages-flow/23.1.2/vaadin-messages-flow-23.1.2.jar:/home/usuario/.m2/repository/com/vaadin/vaadin-ordered-layout-flow/23.1.2/vaadin-ordered-layout-flow-23.1.2.jar:/home/usuario/.m2/repository/com/vaadin/vaadin-progress-bar-flow/23.1.2/vaadin-progress-bar-flow-23.1.2.jar:/home/usuario/.m2/repository/com/vaadin/vaadin-radio-button-flow/23.1.2/vaadin-radio-button-flow-23.1.2.jar:/home/usuario/.m2/repository/com/vaadin/vaadin-renderer-flow/23.1.2/vaadin-renderer-flow-23.1.2.jar:/home/usuario/.m2/repository/com/vaadin/vaadin-split-layout-flow/23.1.2/vaadin-split-layout-flow-23.1.2.jar:/home/usuario/.m2/repository/com/vaadin/vaadin-tabs-flow/23.1.2/vaadin-tabs-flow-23.1.2.jar:/home/usuario/.m2/repository/com/vaadin/vaadin-text-field-flow/23.1.2/vaadin-text-field-flow-23.1.2.jar:/home/usuario/.m2/repository/com/vaadin/vaadin-upload-flow/23.1.2/vaadin-upload-flow-23.1.2.jar:/home/usuario/.m2/repository/com/vaadin/vaadin-notification-flow/23.1.2/vaadin-notification-flow-23.1.2.jar:/home/usuario/.m2/repository/com/vaadin/vaadin-app-layout-flow/23.1.2/vaadin-app-layout-flow-23.1.2.jar:/home/usuario/.m2/repository/com/vaadin/vaadin-context-menu-flow/23.1.2/vaadin-context-menu-flow-23.1.2.jar:/home/usuario/.m2/repository/com/vaadin/vaadin-menu-bar-flow/23.1.2/vaadin-menu-bar-flow-23.1.2.jar:/home/usuario/.m2/repository/org/springframework/data/spring-data-rest-hal-explorer/3.7.2/spring-data-rest-hal-explorer-3.7.2.jar:/home/usuario/.m2/repository/org/slf4j/slf4j-api/1.7.36/slf4j-api-1.7.36.jar:/home/usuario/.m2/repository/org/springframework/experimental/spring-native/0.12.1/spring-native-0.12.1.jar:/home/usuario/.m2/repository/org/springframework/session/spring-session-core/2.7.0/spring-session-core-2.7.0.jar:/home/usuario/.m2/repository/org/springframework/spring-jcl/5.3.22/spring-jcl-5.3.22.jar:/home/usuario/.m2/repository/org/springframework/boot/spring-boot-devtools/2.7.2/spring-boot-devtools-2.7.2.jar:/home/usuario/.m2/repository/org/springframework/boot/spring-boot/2.7.2/spring-boot-2.7.2.jar:/home/usuario/.m2/repository/org/springframework/boot/spring-boot-autoconfigure/2.7.2/spring-boot-autoconfigure-2.7.2.jar:/home/usuario/.m2/repository/org/springframework/boot/spring-boot-configuration-processor/2.7.2/spring-boot-configuration-processor-2.7.2.jar:/home/usuario/.m2/repository/org/projectlombok/lombok/1.18.24/lombok-1.18.24.jar:/home/usuario/.m2/repository/org/springframework/boot/spring-boot-starter-test/2.7.2/spring-boot-starter-test-2.7.2.jar:/home/usuario/.m2/repository/org/springframework/boot/spring-boot-test/2.7.2/spring-boot-test-2.7.2.jar:/home/usuario/.m2/repository/org/springframework/boot/spring-boot-test-autoconfigure/2.7.2/spring-boot-test-autoconfigure-2.7.2.jar:/home/usuario/.m2/repository/com/jayway/jsonpath/json-path/2.7.0/json-path-2.7.0.jar:/home/usuario/.m2/repository/net/minidev/json-smart/2.4.8/json-smart-2.4.8.jar:/home/usuario/.m2/repository/net/minidev/accessors-smart/2.4.8/accessors-smart-2.4.8.jar:/home/usuario/.m2/repository/jakarta/xml/bind/jakarta.xml.bind-api/2.3.3/jakarta.xml.bind-api-2.3.3.jar:/home/usuario/.m2/repository/jakarta/activation/jakarta.activation-api/1.2.2/jakarta.activation-api-1.2.2.jar:/home/usuario/.m2/repository/org/assertj/assertj-core/3.22.0/assertj-core-3.22.0.jar:/home/usuario/.m2/repository/org/hamcrest/hamcrest/2.2/hamcrest-2.2.jar:/home/usuario/.m2/repository/org/junit/jupiter/junit-jupiter/5.8.2/junit-jupiter-5.8.2.jar:/home/usuario/.m2/repository/org/junit/jupiter/junit-jupiter-api/5.8.2/junit-jupiter-api-5.8.2.jar:/home/usuario/.m2/repository/org/opentest4j/opentest4j/1.2.0/opentest4j-1.2.0.jar:/home/usuario/.m2/repository/org/junit/platform/junit-platform-commons/1.8.2/junit-platform-commons-1.8.2.jar:/home/usuario/.m2/repository/org/apiguardian/apiguardian-api/1.1.2/apiguardian-api-1.1.2.jar:/home/usuario/.m2/repository/org/junit/jupiter/junit-jupiter-params/5.8.2/junit-jupiter-params-5.8.2.jar:/home/usuario/.m2/repository/org/junit/jupiter/junit-jupiter-engine/5.8.2/junit-jupiter-engine-5.8.2.jar:/home/usuario/.m2/repository/org/junit/platform/junit-platform-engine/1.8.2/junit-platform-engine-1.8.2.jar:/home/usuario/.m2/repository/org/mockito/mockito-core/4.5.1/mockito-core-4.5.1.jar:/home/usuario/.m2/repository/net/bytebuddy/byte-buddy-agent/1.12.12/byte-buddy-agent-1.12.12.jar:/home/usuario/.m2/repository/org/objenesis/objenesis/3.2/objenesis-3.2.jar:/home/usuario/.m2/repository/org/mockito/mockito-junit-jupiter/4.5.1/mockito-junit-jupiter-4.5.1.jar:/home/usuario/.m2/repository/org/skyscreamer/jsonassert/1.5.1/jsonassert-1.5.1.jar:/home/usuario/.m2/repository/com/vaadin/external/google/android-json/0.0.20131108.vaadin1/android-json-0.0.20131108.vaadin1.jar:/home/usuario/.m2/repository/org/springframework/spring-core/5.3.22/spring-core-5.3.22.jar:/home/usuario/.m2/repository/org/springframework/spring-test/5.3.22/spring-test-5.3.22.jar:/home/usuario/.m2/repository/org/xmlunit/xmlunit-core/2.9.0/xmlunit-core-2.9.0.jar:/home/usuario/.m2/repository/io/projectreactor/reactor-test/3.4.21/reactor-test-3.4.21.jar:/home/usuario/.m2/repository/io/projectreactor/reactor-core/3.4.21/reactor-core-3.4.21.jar:/home/usuario/.m2/repository/org/reactivestreams/reactive-streams/1.0.4/reactive-streams-1.0.4.jar:/home/usuario/.m2/repository/org/springframework/graphql/spring-graphql-test/1.0.1/spring-graphql-test-1.0.1.jar:/home/usuario/.m2/repository/com/graphql-java/graphql-java/18.2/graphql-java-18.2.jar:/home/usuario/.m2/repository/com/graphql-java/java-dataloader/3.1.2/java-dataloader-3.1.2.jar:/home/usuario/.m2/repository/org/antlr/antlr4-runtime/4.9.3/antlr4-runtime-4.9.3.jar:/home/usuario/.m2/repository/org/springframework/spring-context/5.3.22/spring-context-5.3.22.jar:/home/usuario/.m2/repository/org/springframework/boot/spring-boot-starter-data-jdbc/2.7.2/spring-boot-starter-data-jdbc-2.7.2.jar:/home/usuario/.m2/repository/org/springframework/data/spring-data-jdbc/2.4.2/spring-data-jdbc-2.4.2.jar:/home/usuario/.m2/repository/org/springframework/data/spring-data-relational/2.4.2/spring-data-relational-2.4.2.jar:/home/usuario/.m2/repository/org/springframework/spring-tx/5.3.22/spring-tx-5.3.22.jar:/home/usuario/.m2/repository/org/springframework/boot/spring-boot-starter-data-jpa/2.7.2/spring-boot-starter-data-jpa-2.7.2.jar:/home/usuario/.m2/repository/org/springframework/boot/spring-boot-starter-aop/2.7.2/spring-boot-starter-aop-2.7.2.jar:/home/usuario/.m2/repository/org/aspectj/aspectjweaver/1.9.7/aspectjweaver-1.9.7.jar:/home/usuario/.m2/repository/jakarta/transaction/jakarta.transaction-api/1.3.3/jakarta.transaction-api-1.3.3.jar:/home/usuario/.m2/repository/jakarta/persistence/jakarta.persistence-api/2.2.3/jakarta.persistence-api-2.2.3.jar:/home/usuario/.m2/repository/org/springframework/data/spring-data-jpa/2.7.2/spring-data-jpa-2.7.2.jar:/home/usuario/.m2/repository/org/springframework/spring-orm/5.3.22/spring-orm-5.3.22.jar:/home/usuario/.m2/repository/org/springframework/spring-aspects/5.3.22/spring-aspects-5.3.22.jar:/home/usuario/.m2/repository/org/springframework/boot/spring-boot-starter-tomcat/2.7.2/spring-boot-starter-tomcat-2.7.2.jar:/home/usuario/.m2/repository/jakarta/annotation/jakarta.annotation-api/1.3.5/jakarta.annotation-api-1.3.5.jar:/home/usuario/.m2/repository/org/apache/tomcat/embed/tomcat-embed-core/9.0.65/tomcat-embed-core-9.0.65.jar:/home/usuario/.m2/repository/org/apache/tomcat/embed/tomcat-embed-el/9.0.65/tomcat-embed-el-9.0.65.jar:/home/usuario/.m2/repository/org/apache/tomcat/embed/tomcat-embed-websocket/9.0.65/tomcat-embed-websocket-9.0.65.jar:/home/usuario/.m2/repository/org/springframework/boot/spring-boot-starter-jdbc/2.7.2/spring-boot-starter-jdbc-2.7.2.jar:/home/usuario/.m2/repository/com/zaxxer/HikariCP/4.0.3/HikariCP-4.0.3.jar:/home/usuario/.m2/repository/org/springframework/spring-jdbc/5.3.22/spring-jdbc-5.3.22.jar:/home/usuario/.m2/repository/org/mariadb/jdbc/mariadb-java-client/3.0.6/mariadb-java-client-3.0.6.jar:/home/usuario/.m2/repository/org/springframework/data/spring-data-commons/2.7.2/spring-data-commons-2.7.2.jar:/home/usuario/.m2/repository/org/springframework/spring-beans/5.3.22/spring-beans-5.3.22.jar:/home/usuario/.m2/repository/com/google/guava/guava/28.2-android/guava-28.2-android.jar:/home/usuario/.m2/repository/com/google/guava/failureaccess/1.0.1/failureaccess-1.0.1.jar:/home/usuario/.m2/repository/com/google/guava/listenablefuture/9999.0-empty-to-avoid-conflict-with-guava/listenablefuture-9999.0-empty-to-avoid-conflict-with-guava.jar:/home/usuario/.m2/repository/com/google/code/findbugs/jsr305/3.0.2/jsr305-3.0.2.jar:/home/usuario/.m2/repository/org/checkerframework/checker-compat-qual/2.5.5/checker-compat-qual-2.5.5.jar:/home/usuario/.m2/repository/com/google/errorprone/error_prone_annotations/2.3.4/error_prone_annotations-2.3.4.jar:/home/usuario/.m2/repository/com/google/j2objc/j2objc-annotations/1.3/j2objc-annotations-1.3.jar:"/>
    <property name="java.vm.vendor" value="Private Build"/>
    <property name="sun.arch.data.model" value="64"/>
    <property name="java.vendor.url" value="Unknown"/>
    <property name="user.timezone" value=""/>
    <property name="java.vm.specification.version" value="11"/>
    <property name="os.name" value="Linux"/>
    <property name="user.country" value="GT"/>
    <property name="sun.java.launcher" value="SUN_STANDARD"/>
    <property name="sun.boot.library.path" value="/usr/lib/jvm/java-11-openjdk-amd64/lib"/>
    <property name="sun.java.command" value="/home/usuario/NetBeansProjects/SpringBoot/examen/target/surefire/surefirebooter12346625392653905624.jar /home/usuario/NetBeansProjects/SpringBoot/examen/target/surefire 2022-07-29T23-50-35_753-jvmRun1 surefire14270250246858193503tmp surefire_07590676478041171250tmp"/>
    <property name="jdk.debug" value="release"/>
    <property name="surefire.test.class.path" value="/home/usuario/NetBeansProjects/SpringBoot/examen/target/test-classes:/home/usuario/NetBeansProjects/SpringBoot/examen/target/classes:/home/usuario/.m2/repository/org/hibernate/hibernate-core/5.6.10.Final/hibernate-core-5.6.10.Final.jar:/home/usuario/.m2/repository/org/jboss/logging/jboss-logging/3.4.3.Final/jboss-logging-3.4.3.Final.jar:/home/usuario/.m2/repository/javax/persistence/javax.persistence-api/2.2/javax.persistence-api-2.2.jar:/home/usuario/.m2/repository/net/bytebuddy/byte-buddy/1.12.12/byte-buddy-1.12.12.jar:/home/usuario/.m2/repository/antlr/antlr/2.7.7/antlr-2.7.7.jar:/home/usuario/.m2/repository/org/jboss/spec/javax/transaction/jboss-transaction-api_1.2_spec/1.1.1.Final/jboss-transaction-api_1.2_spec-1.1.1.Final.jar:/home/usuario/.m2/repository/org/jboss/jandex/2.4.2.Final/jandex-2.4.2.Final.jar:/home/usuario/.m2/repository/com/fasterxml/classmate/1.5.1/classmate-1.5.1.jar:/home/usuario/.m2/repository/javax/activation/javax.activation-api/1.2.0/javax.activation-api-1.2.0.jar:/home/usuario/.m2/repository/org/hibernate/common/hibernate-commons-annotations/5.1.2.Final/hibernate-commons-annotations-5.1.2.Final.jar:/home/usuario/.m2/repository/javax/xml/bind/jaxb-api/2.3.1/jaxb-api-2.3.1.jar:/home/usuario/.m2/repository/org/glassfish/jaxb/jaxb-runtime/2.3.6/jaxb-runtime-2.3.6.jar:/home/usuario/.m2/repository/org/glassfish/jaxb/txw2/2.3.6/txw2-2.3.6.jar:/home/usuario/.m2/repository/com/sun/istack/istack-commons-runtime/3.0.12/istack-commons-runtime-3.0.12.jar:/home/usuario/.m2/repository/com/sun/activation/jakarta.activation/1.2.2/jakarta.activation-1.2.2.jar:/home/usuario/.m2/repository/org/springframework/boot/spring-boot-starter-data-rest/2.7.2/spring-boot-starter-data-rest-2.7.2.jar:/home/usuario/.m2/repository/org/springframework/data/spring-data-rest-webmvc/3.7.2/spring-data-rest-webmvc-3.7.2.jar:/home/usuario/.m2/repository/org/springframework/data/spring-data-rest-core/3.7.2/spring-data-rest-core-3.7.2.jar:/home/usuario/.m2/repository/org/atteo/evo-inflector/1.3/evo-inflector-1.3.jar:/home/usuario/.m2/repository/com/fasterxml/jackson/core/jackson-databind/2.13.3/jackson-databind-2.13.3.jar:/home/usuario/.m2/repository/com/fasterxml/jackson/core/jackson-core/2.13.3/jackson-core-2.13.3.jar:/home/usuario/.m2/repository/com/fasterxml/jackson/core/jackson-annotations/2.13.3/jackson-annotations-2.13.3.jar:/home/usuario/.m2/repository/org/springframework/boot/spring-boot-starter-security/2.7.2/spring-boot-starter-security-2.7.2.jar:/home/usuario/.m2/repository/org/springframework/boot/spring-boot-starter/2.7.2/spring-boot-starter-2.7.2.jar:/home/usuario/.m2/repository/org/springframework/boot/spring-boot-starter-logging/2.7.2/spring-boot-starter-logging-2.7.2.jar:/home/usuario/.m2/repository/ch/qos/logback/logback-classic/1.2.11/logback-classic-1.2.11.jar:/home/usuario/.m2/repository/ch/qos/logback/logback-core/1.2.11/logback-core-1.2.11.jar:/home/usuario/.m2/repository/org/apache/logging/log4j/log4j-to-slf4j/2.17.2/log4j-to-slf4j-2.17.2.jar:/home/usuario/.m2/repository/org/apache/logging/log4j/log4j-api/2.17.2/log4j-api-2.17.2.jar:/home/usuario/.m2/repository/org/slf4j/jul-to-slf4j/1.7.36/jul-to-slf4j-1.7.36.jar:/home/usuario/.m2/repository/org/yaml/snakeyaml/1.30/snakeyaml-1.30.jar:/home/usuario/.m2/repository/org/springframework/spring-aop/5.3.22/spring-aop-5.3.22.jar:/home/usuario/.m2/repository/org/springframework/security/spring-security-config/5.7.2/spring-security-config-5.7.2.jar:/home/usuario/.m2/repository/org/springframework/security/spring-security-core/5.7.2/spring-security-core-5.7.2.jar:/home/usuario/.m2/repository/org/springframework/security/spring-security-crypto/5.7.2/spring-security-crypto-5.7.2.jar:/home/usuario/.m2/repository/org/springframework/security/spring-security-web/5.7.2/spring-security-web-5.7.2.jar:/home/usuario/.m2/repository/org/springframework/spring-expression/5.3.22/spring-expression-5.3.22.jar:/home/usuario/.m2/repository/org/springframework/boot/spring-boot-starter-freemarker/2.7.2/spring-boot-starter-freemarker-2.7.2.jar:/home/usuario/.m2/repository/org/freemarker/freemarker/2.3.31/freemarker-2.3.31.jar:/home/usuario/.m2/repository/org/springframework/spring-context-support/5.3.22/spring-context-support-5.3.22.jar:/home/usuario/.m2/repository/org/springframework/boot/spring-boot-starter-graphql/2.7.2/spring-boot-starter-graphql-2.7.2.jar:/home/usuario/.m2/repository/org/springframework/boot/spring-boot-starter-json/2.7.2/spring-boot-starter-json-2.7.2.jar:/home/usuario/.m2/repository/com/fasterxml/jackson/datatype/jackson-datatype-jdk8/2.13.3/jackson-datatype-jdk8-2.13.3.jar:/home/usuario/.m2/repository/com/fasterxml/jackson/datatype/jackson-datatype-jsr310/2.13.3/jackson-datatype-jsr310-2.13.3.jar:/home/usuario/.m2/repository/com/fasterxml/jackson/module/jackson-module-parameter-names/2.13.3/jackson-module-parameter-names-2.13.3.jar:/home/usuario/.m2/repository/org/springframework/graphql/spring-graphql/1.0.1/spring-graphql-1.0.1.jar:/home/usuario/.m2/repository/org/springframework/boot/spring-boot-starter-hateoas/2.7.2/spring-boot-starter-hateoas-2.7.2.jar:/home/usuario/.m2/repository/org/springframework/hateoas/spring-hateoas/1.5.1/spring-hateoas-1.5.1.jar:/home/usuario/.m2/repository/org/springframework/plugin/spring-plugin-core/2.0.0.RELEASE/spring-plugin-core-2.0.0.RELEASE.jar:/home/usuario/.m2/repository/org/springframework/boot/spring-boot-starter-jersey/2.7.2/spring-boot-starter-jersey-2.7.2.jar:/home/usuario/.m2/repository/org/springframework/boot/spring-boot-starter-validation/2.7.2/spring-boot-starter-validation-2.7.2.jar:/home/usuario/.m2/repository/org/hibernate/validator/hibernate-validator/6.2.3.Final/hibernate-validator-6.2.3.Final.jar:/home/usuario/.m2/repository/org/springframework/spring-web/5.3.22/spring-web-5.3.22.jar:/home/usuario/.m2/repository/org/glassfish/jersey/core/jersey-server/2.35/jersey-server-2.35.jar:/home/usuario/.m2/repository/org/glassfish/jersey/core/jersey-common/2.35/jersey-common-2.35.jar:/home/usuario/.m2/repository/org/glassfish/hk2/osgi-resource-locator/1.0.3/osgi-resource-locator-1.0.3.jar:/home/usuario/.m2/repository/org/glassfish/jersey/core/jersey-client/2.35/jersey-client-2.35.jar:/home/usuario/.m2/repository/jakarta/ws/rs/jakarta.ws.rs-api/2.1.6/jakarta.ws.rs-api-2.1.6.jar:/home/usuario/.m2/repository/org/glassfish/hk2/external/jakarta.inject/2.6.1/jakarta.inject-2.6.1.jar:/home/usuario/.m2/repository/jakarta/validation/jakarta.validation-api/2.0.2/jakarta.validation-api-2.0.2.jar:/home/usuario/.m2/repository/org/glassfish/jersey/containers/jersey-container-servlet-core/2.35/jersey-container-servlet-core-2.35.jar:/home/usuario/.m2/repository/org/glassfish/jersey/containers/jersey-container-servlet/2.35/jersey-container-servlet-2.35.jar:/home/usuario/.m2/repository/org/glassfish/jersey/ext/jersey-bean-validation/2.35/jersey-bean-validation-2.35.jar:/home/usuario/.m2/repository/org/glassfish/jersey/ext/jersey-spring5/2.35/jersey-spring5-2.35.jar:/home/usuario/.m2/repository/org/glassfish/jersey/inject/jersey-hk2/2.35/jersey-hk2-2.35.jar:/home/usuario/.m2/repository/org/glassfish/hk2/hk2-locator/2.6.1/hk2-locator-2.6.1.jar:/home/usuario/.m2/repository/org/glassfish/hk2/external/aopalliance-repackaged/2.6.1/aopalliance-repackaged-2.6.1.jar:/home/usuario/.m2/repository/org/javassist/javassist/3.25.0-GA/javassist-3.25.0-GA.jar:/home/usuario/.m2/repository/org/glassfish/hk2/hk2/2.6.1/hk2-2.6.1.jar:/home/usuario/.m2/repository/org/glassfish/hk2/hk2-utils/2.6.1/hk2-utils-2.6.1.jar:/home/usuario/.m2/repository/org/glassfish/hk2/hk2-api/2.6.1/hk2-api-2.6.1.jar:/home/usuario/.m2/repository/org/glassfish/hk2/hk2-core/2.6.1/hk2-core-2.6.1.jar:/home/usuario/.m2/repository/org/glassfish/hk2/hk2-runlevel/2.6.1/hk2-runlevel-2.6.1.jar:/home/usuario/.m2/repository/org/glassfish/hk2/class-model/2.6.1/class-model-2.6.1.jar:/home/usuario/.m2/repository/org/ow2/asm/asm/7.1/asm-7.1.jar:/home/usuario/.m2/repository/org/ow2/asm/asm-analysis/7.1/asm-analysis-7.1.jar:/home/usuario/.m2/repository/org/ow2/asm/asm-commons/7.1/asm-commons-7.1.jar:/home/usuario/.m2/repository/org/ow2/asm/asm-tree/7.1/asm-tree-7.1.jar:/home/usuario/.m2/repository/org/ow2/asm/asm-util/7.1/asm-util-7.1.jar:/home/usuario/.m2/repository/org/glassfish/hk2/spring-bridge/2.6.1/spring-bridge-2.6.1.jar:/home/usuario/.m2/repository/org/glassfish/jersey/media/jersey-media-json-jackson/2.35/jersey-media-json-jackson-2.35.jar:/home/usuario/.m2/repository/org/glassfish/jersey/ext/jersey-entity-filtering/2.35/jersey-entity-filtering-2.35.jar:/home/usuario/.m2/repository/com/fasterxml/jackson/module/jackson-module-jaxb-annotations/2.13.3/jackson-module-jaxb-annotations-2.13.3.jar:/home/usuario/.m2/repository/org/springframework/boot/spring-boot-starter-thymeleaf/2.7.2/spring-boot-starter-thymeleaf-2.7.2.jar:/home/usuario/.m2/repository/org/thymeleaf/thymeleaf-spring5/3.0.15.RELEASE/thymeleaf-spring5-3.0.15.RELEASE.jar:/home/usuario/.m2/repository/org/thymeleaf/thymeleaf/3.0.15.RELEASE/thymeleaf-3.0.15.RELEASE.jar:/home/usuario/.m2/repository/org/attoparser/attoparser/2.0.5.RELEASE/attoparser-2.0.5.RELEASE.jar:/home/usuario/.m2/repository/org/unbescape/unbescape/1.1.6.RELEASE/unbescape-1.1.6.RELEASE.jar:/home/usuario/.m2/repository/org/thymeleaf/extras/thymeleaf-extras-java8time/3.0.4.RELEASE/thymeleaf-extras-java8time-3.0.4.RELEASE.jar:/home/usuario/.m2/repository/org/springframework/boot/spring-boot-starter-web/2.7.2/spring-boot-starter-web-2.7.2.jar:/home/usuario/.m2/repository/org/springframework/spring-webmvc/5.3.22/spring-webmvc-5.3.22.jar:/home/usuario/.m2/repository/org/springframework/boot/spring-boot-starter-web-services/2.7.2/spring-boot-starter-web-services-2.7.2.jar:/home/usuario/.m2/repository/com/sun/xml/messaging/saaj/saaj-impl/1.5.3/saaj-impl-1.5.3.jar:/home/usuario/.m2/repository/jakarta/xml/soap/jakarta.xml.soap-api/1.4.2/jakarta.xml.soap-api-1.4.2.jar:/home/usuario/.m2/repository/org/jvnet/staxex/stax-ex/1.8.3/stax-ex-1.8.3.jar:/home/usuario/.m2/repository/jakarta/xml/ws/jakarta.xml.ws-api/2.3.3/jakarta.xml.ws-api-2.3.3.jar:/home/usuario/.m2/repository/jakarta/jws/jakarta.jws-api/2.1.0/jakarta.jws-api-2.1.0.jar:/home/usuario/.m2/repository/org/springframework/spring-oxm/5.3.22/spring-oxm-5.3.22.jar:/home/usuario/.m2/repository/org/springframework/ws/spring-ws-core/3.1.3/spring-ws-core-3.1.3.jar:/home/usuario/.m2/repository/org/springframework/ws/spring-xml/3.1.3/spring-xml-3.1.3.jar:/home/usuario/.m2/repository/org/springframework/boot/spring-boot-starter-webflux/2.7.2/spring-boot-starter-webflux-2.7.2.jar:/home/usuario/.m2/repository/org/springframework/boot/spring-boot-starter-reactor-netty/2.7.2/spring-boot-starter-reactor-netty-2.7.2.jar:/home/usuario/.m2/repository/io/projectreactor/netty/reactor-netty-http/1.0.21/reactor-netty-http-1.0.21.jar:/home/usuario/.m2/repository/io/netty/netty-codec-http/4.1.79.Final/netty-codec-http-4.1.79.Final.jar:/home/usuario/.m2/repository/io/netty/netty-common/4.1.79.Final/netty-common-4.1.79.Final.jar:/home/usuario/.m2/repository/io/netty/netty-buffer/4.1.79.Final/netty-buffer-4.1.79.Final.jar:/home/usuario/.m2/repository/io/netty/netty-transport/4.1.79.Final/netty-transport-4.1.79.Final.jar:/home/usuario/.m2/repository/io/netty/netty-codec/4.1.79.Final/netty-codec-4.1.79.Final.jar:/home/usuario/.m2/repository/io/netty/netty-handler/4.1.79.Final/netty-handler-4.1.79.Final.jar:/home/usuario/.m2/repository/io/netty/netty-codec-http2/4.1.79.Final/netty-codec-http2-4.1.79.Final.jar:/home/usuario/.m2/repository/io/netty/netty-resolver-dns/4.1.79.Final/netty-resolver-dns-4.1.79.Final.jar:/home/usuario/.m2/repository/io/netty/netty-resolver/4.1.79.Final/netty-resolver-4.1.79.Final.jar:/home/usuario/.m2/repository/io/netty/netty-codec-dns/4.1.79.Final/netty-codec-dns-4.1.79.Final.jar:/home/usuario/.m2/repository/io/netty/netty-resolver-dns-native-macos/4.1.79.Final/netty-resolver-dns-native-macos-4.1.79.Final-osx-x86_64.jar:/home/usuario/.m2/repository/io/netty/netty-resolver-dns-classes-macos/4.1.79.Final/netty-resolver-dns-classes-macos-4.1.79.Final.jar:/home/usuario/.m2/repository/io/netty/netty-transport-native-epoll/4.1.79.Final/netty-transport-native-epoll-4.1.79.Final-linux-x86_64.jar:/home/usuario/.m2/repository/io/netty/netty-transport-native-unix-common/4.1.79.Final/netty-transport-native-unix-common-4.1.79.Final.jar:/home/usuario/.m2/repository/io/netty/netty-transport-classes-epoll/4.1.79.Final/netty-transport-classes-epoll-4.1.79.Final.jar:/home/usuario/.m2/repository/io/projectreactor/netty/reactor-netty-core/1.0.21/reactor-netty-core-1.0.21.jar:/home/usuario/.m2/repository/io/netty/netty-handler-proxy/4.1.79.Final/netty-handler-proxy-4.1.79.Final.jar:/home/usuario/.m2/repository/io/netty/netty-codec-socks/4.1.79.Final/netty-codec-socks-4.1.79.Final.jar:/home/usuario/.m2/repository/org/springframework/spring-webflux/5.3.22/spring-webflux-5.3.22.jar:/home/usuario/.m2/repository/com/vaadin/vaadin-spring-boot-starter/23.1.2/vaadin-spring-boot-starter-23.1.2.jar:/home/usuario/.m2/repository/com/vaadin/vaadin-spring/23.1.2/vaadin-spring-23.1.2.jar:/home/usuario/.m2/repository/com/vaadin/flow-server/23.1.2/flow-server-23.1.2.jar:/home/usuario/.m2/repository/javax/annotation/javax.annotation-api/1.3.2/javax.annotation-api-1.3.2.jar:/home/usuario/.m2/repository/com/vaadin/external/gwt/gwt-elemental/2.8.2.vaadin2/gwt-elemental-2.8.2.vaadin2.jar:/home/usuario/.m2/repository/commons-fileupload/commons-fileupload/1.4/commons-fileupload-1.4.jar:/home/usuario/.m2/repository/commons-io/commons-io/2.11.0/commons-io-2.11.0.jar:/home/usuario/.m2/repository/org/jsoup/jsoup/1.14.3/jsoup-1.14.3.jar:/home/usuario/.m2/repository/com/helger/ph-css/6.5.0/ph-css-6.5.0.jar:/home/usuario/.m2/repository/com/helger/commons/ph-commons/10.1.6/ph-commons-10.1.6.jar:/home/usuario/.m2/repository/com/vaadin/external/gentyref/1.2.0.vaadin1/gentyref-1.2.0.vaadin1.jar:/home/usuario/.m2/repository/org/apache/commons/commons-compress/1.21/commons-compress-1.21.jar:/home/usuario/.m2/repository/org/apache/httpcomponents/httpclient/4.5.13/httpclient-4.5.13.jar:/home/usuario/.m2/repository/org/apache/httpcomponents/httpcore/4.4.15/httpcore-4.4.15.jar:/home/usuario/.m2/repository/commons-codec/commons-codec/1.15/commons-codec-1.15.jar:/home/usuario/.m2/repository/com/vaadin/flow-push/23.1.2/flow-push-23.1.2.jar:/home/usuario/.m2/repository/com/vaadin/external/atmosphere/atmosphere-runtime/2.7.3.slf4jvaadin4/atmosphere-runtime-2.7.3.slf4jvaadin4.jar:/home/usuario/.m2/repository/com/vaadin/flow-client/23.1.2/flow-client-23.1.2.jar:/home/usuario/.m2/repository/org/springframework/spring-websocket/5.3.22/spring-websocket-5.3.22.jar:/home/usuario/.m2/repository/com/vaadin/vaadin-core/23.1.2/vaadin-core-23.1.2.jar:/home/usuario/.m2/repository/com/vaadin/vaadin-dev-server/23.1.2/vaadin-dev-server-23.1.2.jar:/home/usuario/.m2/repository/com/vaadin/license-checker/1.4.1/license-checker-1.4.1.jar:/home/usuario/.m2/repository/com/github/oshi/oshi-core/6.1.6/oshi-core-6.1.6.jar:/home/usuario/.m2/repository/net/java/dev/jna/jna/5.11.0/jna-5.11.0.jar:/home/usuario/.m2/repository/net/java/dev/jna/jna-platform/5.11.0/jna-platform-5.11.0.jar:/home/usuario/.m2/repository/com/vaadin/flow-lit-template/23.1.2/flow-lit-template-23.1.2.jar:/home/usuario/.m2/repository/com/vaadin/flow-polymer-template/23.1.2/flow-polymer-template-23.1.2.jar:/home/usuario/.m2/repository/com/vaadin/flow-html-components/23.1.2/flow-html-components-23.1.2.jar:/home/usuario/.m2/repository/com/vaadin/flow-data/23.1.2/flow-data-23.1.2.jar:/home/usuario/.m2/repository/javax/validation/validation-api/2.0.1.Final/validation-api-2.0.1.Final.jar:/home/usuario/.m2/repository/com/vaadin/flow-dnd/23.1.2/flow-dnd-23.1.2.jar:/home/usuario/.m2/repository/org/webjars/npm/vaadin__vaadin-mobile-drag-drop/1.0.1/vaadin__vaadin-mobile-drag-drop-1.0.1.jar:/home/usuario/.m2/repository/org/webjars/npm/mobile-drag-drop/2.3.0-rc.2/mobile-drag-drop-2.3.0-rc.2.jar:/home/usuario/.m2/repository/com/vaadin/vaadin-lumo-theme/23.1.2/vaadin-lumo-theme-23.1.2.jar:/home/usuario/.m2/repository/com/vaadin/vaadin-material-theme/23.1.2/vaadin-material-theme-23.1.2.jar:/home/usuario/.m2/repository/com/vaadin/vaadin-accordion-flow/23.1.2/vaadin-accordion-flow-23.1.2.jar:/home/usuario/.m2/repository/com/vaadin/vaadin-avatar-flow/23.1.2/vaadin-avatar-flow-23.1.2.jar:/home/usuario/.m2/repository/com/vaadin/vaadin-button-flow/23.1.2/vaadin-button-flow-23.1.2.jar:/home/usuario/.m2/repository/com/vaadin/vaadin-checkbox-flow/23.1.2/vaadin-checkbox-flow-23.1.2.jar:/home/usuario/.m2/repository/com/vaadin/vaadin-combo-box-flow/23.1.2/vaadin-combo-box-flow-23.1.2.jar:/home/usuario/.m2/repository/com/vaadin/vaadin-flow-components-base/23.1.2/vaadin-flow-components-base-23.1.2.jar:/home/usuario/.m2/repository/com/vaadin/vaadin-custom-field-flow/23.1.2/vaadin-custom-field-flow-23.1.2.jar:/home/usuario/.m2/repository/com/vaadin/vaadin-date-picker-flow/23.1.2/vaadin-date-picker-flow-23.1.2.jar:/home/usuario/.m2/repository/com/vaadin/vaadin-date-time-picker-flow/23.1.2/vaadin-date-time-picker-flow-23.1.2.jar:/home/usuario/.m2/repository/com/vaadin/vaadin-details-flow/23.1.2/vaadin-details-flow-23.1.2.jar:/home/usuario/.m2/repository/com/vaadin/vaadin-time-picker-flow/23.1.2/vaadin-time-picker-flow-23.1.2.jar:/home/usuario/.m2/repository/com/vaadin/vaadin-select-flow/23.1.2/vaadin-select-flow-23.1.2.jar:/home/usuario/.m2/repository/com/vaadin/vaadin-dialog-flow/23.1.2/vaadin-dialog-flow-23.1.2.jar:/home/usuario/.m2/repository/com/vaadin/vaadin-form-layout-flow/23.1.2/vaadin-form-layout-flow-23.1.2.jar:/home/usuario/.m2/repository/com/vaadin/vaadin-grid-flow/23.1.2/vaadin-grid-flow-23.1.2.jar:/home/usuario/.m2/repository/org/apache/commons/commons-lang3/3.12.0/commons-lang3-3.12.0.jar:/home/usuario/.m2/repository/com/vaadin/vaadin-icons-flow/23.1.2/vaadin-icons-flow-23.1.2.jar:/home/usuario/.m2/repository/com/vaadin/vaadin-iron-list-flow/23.1.2/vaadin-iron-list-flow-23.1.2.jar:/home/usuario/.m2/repository/com/vaadin/vaadin-virtual-list-flow/23.1.2/vaadin-virtual-list-flow-23.1.2.jar:/home/usuario/.m2/repository/com/vaadin/vaadin-list-box-flow/23.1.2/vaadin-list-box-flow-23.1.2.jar:/home/usuario/.m2/repository/com/vaadin/vaadin-login-flow/23.1.2/vaadin-login-flow-23.1.2.jar:/home/usuario/.m2/repository/com/vaadin/vaadin-messages-flow/23.1.2/vaadin-messages-flow-23.1.2.jar:/home/usuario/.m2/repository/com/vaadin/vaadin-ordered-layout-flow/23.1.2/vaadin-ordered-layout-flow-23.1.2.jar:/home/usuario/.m2/repository/com/vaadin/vaadin-progress-bar-flow/23.1.2/vaadin-progress-bar-flow-23.1.2.jar:/home/usuario/.m2/repository/com/vaadin/vaadin-radio-button-flow/23.1.2/vaadin-radio-button-flow-23.1.2.jar:/home/usuario/.m2/repository/com/vaadin/vaadin-renderer-flow/23.1.2/vaadin-renderer-flow-23.1.2.jar:/home/usuario/.m2/repository/com/vaadin/vaadin-split-layout-flow/23.1.2/vaadin-split-layout-flow-23.1.2.jar:/home/usuario/.m2/repository/com/vaadin/vaadin-tabs-flow/23.1.2/vaadin-tabs-flow-23.1.2.jar:/home/usuario/.m2/repository/com/vaadin/vaadin-text-field-flow/23.1.2/vaadin-text-field-flow-23.1.2.jar:/home/usuario/.m2/repository/com/vaadin/vaadin-upload-flow/23.1.2/vaadin-upload-flow-23.1.2.jar:/home/usuario/.m2/repository/com/vaadin/vaadin-notification-flow/23.1.2/vaadin-notification-flow-23.1.2.jar:/home/usuario/.m2/repository/com/vaadin/vaadin-app-layout-flow/23.1.2/vaadin-app-layout-flow-23.1.2.jar:/home/usuario/.m2/repository/com/vaadin/vaadin-context-menu-flow/23.1.2/vaadin-context-menu-flow-23.1.2.jar:/home/usuario/.m2/repository/com/vaadin/vaadin-menu-bar-flow/23.1.2/vaadin-menu-bar-flow-23.1.2.jar:/home/usuario/.m2/repository/org/springframework/data/spring-data-rest-hal-explorer/3.7.2/spring-data-rest-hal-explorer-3.7.2.jar:/home/usuario/.m2/repository/org/slf4j/slf4j-api/1.7.36/slf4j-api-1.7.36.jar:/home/usuario/.m2/repository/org/springframework/experimental/spring-native/0.12.1/spring-native-0.12.1.jar:/home/usuario/.m2/repository/org/springframework/session/spring-session-core/2.7.0/spring-session-core-2.7.0.jar:/home/usuario/.m2/repository/org/springframework/spring-jcl/5.3.22/spring-jcl-5.3.22.jar:/home/usuario/.m2/repository/org/springframework/boot/spring-boot-devtools/2.7.2/spring-boot-devtools-2.7.2.jar:/home/usuario/.m2/repository/org/springframework/boot/spring-boot/2.7.2/spring-boot-2.7.2.jar:/home/usuario/.m2/repository/org/springframework/boot/spring-boot-autoconfigure/2.7.2/spring-boot-autoconfigure-2.7.2.jar:/home/usuario/.m2/repository/org/springframework/boot/spring-boot-configuration-processor/2.7.2/spring-boot-configuration-processor-2.7.2.jar:/home/usuario/.m2/repository/org/projectlombok/lombok/1.18.24/lombok-1.18.24.jar:/home/usuario/.m2/repository/org/springframework/boot/spring-boot-starter-test/2.7.2/spring-boot-starter-test-2.7.2.jar:/home/usuario/.m2/repository/org/springframework/boot/spring-boot-test/2.7.2/spring-boot-test-2.7.2.jar:/home/usuario/.m2/repository/org/springframework/boot/spring-boot-test-autoconfigure/2.7.2/spring-boot-test-autoconfigure-2.7.2.jar:/home/usuario/.m2/repository/com/jayway/jsonpath/json-path/2.7.0/json-path-2.7.0.jar:/home/usuario/.m2/repository/net/minidev/json-smart/2.4.8/json-smart-2.4.8.jar:/home/usuario/.m2/repository/net/minidev/accessors-smart/2.4.8/accessors-smart-2.4.8.jar:/home/usuario/.m2/repository/jakarta/xml/bind/jakarta.xml.bind-api/2.3.3/jakarta.xml.bind-api-2.3.3.jar:/home/usuario/.m2/repository/jakarta/activation/jakarta.activation-api/1.2.2/jakarta.activation-api-1.2.2.jar:/home/usuario/.m2/repository/org/assertj/assertj-core/3.22.0/assertj-core-3.22.0.jar:/home/usuario/.m2/repository/org/hamcrest/hamcrest/2.2/hamcrest-2.2.jar:/home/usuario/.m2/repository/org/junit/jupiter/junit-jupiter/5.8.2/junit-jupiter-5.8.2.jar:/home/usuario/.m2/repository/org/junit/jupiter/junit-jupiter-api/5.8.2/junit-jupiter-api-5.8.2.jar:/home/usuario/.m2/repository/org/opentest4j/opentest4j/1.2.0/opentest4j-1.2.0.jar:/home/usuario/.m2/repository/org/junit/platform/junit-platform-commons/1.8.2/junit-platform-commons-1.8.2.jar:/home/usuario/.m2/repository/org/apiguardian/apiguardian-api/1.1.2/apiguardian-api-1.1.2.jar:/home/usuario/.m2/repository/org/junit/jupiter/junit-jupiter-params/5.8.2/junit-jupiter-params-5.8.2.jar:/home/usuario/.m2/repository/org/junit/jupiter/junit-jupiter-engine/5.8.2/junit-jupiter-engine-5.8.2.jar:/home/usuario/.m2/repository/org/junit/platform/junit-platform-engine/1.8.2/junit-platform-engine-1.8.2.jar:/home/usuario/.m2/repository/org/mockito/mockito-core/4.5.1/mockito-core-4.5.1.jar:/home/usuario/.m2/repository/net/bytebuddy/byte-buddy-agent/1.12.12/byte-buddy-agent-1.12.12.jar:/home/usuario/.m2/repository/org/objenesis/objenesis/3.2/objenesis-3.2.jar:/home/usuario/.m2/repository/org/mockito/mockito-junit-jupiter/4.5.1/mockito-junit-jupiter-4.5.1.jar:/home/usuario/.m2/repository/org/skyscreamer/jsonassert/1.5.1/jsonassert-1.5.1.jar:/home/usuario/.m2/repository/com/vaadin/external/google/android-json/0.0.20131108.vaadin1/android-json-0.0.20131108.vaadin1.jar:/home/usuario/.m2/repository/org/springframework/spring-core/5.3.22/spring-core-5.3.22.jar:/home/usuario/.m2/repository/org/springframework/spring-test/5.3.22/spring-test-5.3.22.jar:/home/usuario/.m2/repository/org/xmlunit/xmlunit-core/2.9.0/xmlunit-core-2.9.0.jar:/home/usuario/.m2/repository/io/projectreactor/reactor-test/3.4.21/reactor-test-3.4.21.jar:/home/usuario/.m2/repository/io/projectreactor/reactor-core/3.4.21/reactor-core-3.4.21.jar:/home/usuario/.m2/repository/org/reactivestreams/reactive-streams/1.0.4/reactive-streams-1.0.4.jar:/home/usuario/.m2/repository/org/springframework/graphql/spring-graphql-test/1.0.1/spring-graphql-test-1.0.1.jar:/home/usuario/.m2/repository/com/graphql-java/graphql-java/18.2/graphql-java-18.2.jar:/home/usuario/.m2/repository/com/graphql-java/java-dataloader/3.1.2/java-dataloader-3.1.2.jar:/home/usuario/.m2/repository/org/antlr/antlr4-runtime/4.9.3/antlr4-runtime-4.9.3.jar:/home/usuario/.m2/repository/org/springframework/spring-context/5.3.22/spring-context-5.3.22.jar:/home/usuario/.m2/repository/org/springframework/boot/spring-boot-starter-data-jdbc/2.7.2/spring-boot-starter-data-jdbc-2.7.2.jar:/home/usuario/.m2/repository/org/springframework/data/spring-data-jdbc/2.4.2/spring-data-jdbc-2.4.2.jar:/home/usuario/.m2/repository/org/springframework/data/spring-data-relational/2.4.2/spring-data-relational-2.4.2.jar:/home/usuario/.m2/repository/org/springframework/spring-tx/5.3.22/spring-tx-5.3.22.jar:/home/usuario/.m2/repository/org/springframework/boot/spring-boot-starter-data-jpa/2.7.2/spring-boot-starter-data-jpa-2.7.2.jar:/home/usuario/.m2/repository/org/springframework/boot/spring-boot-starter-aop/2.7.2/spring-boot-starter-aop-2.7.2.jar:/home/usuario/.m2/repository/org/aspectj/aspectjweaver/1.9.7/aspectjweaver-1.9.7.jar:/home/usuario/.m2/repository/jakarta/transaction/jakarta.transaction-api/1.3.3/jakarta.transaction-api-1.3.3.jar:/home/usuario/.m2/repository/jakarta/persistence/jakarta.persistence-api/2.2.3/jakarta.persistence-api-2.2.3.jar:/home/usuario/.m2/repository/org/springframework/data/spring-data-jpa/2.7.2/spring-data-jpa-2.7.2.jar:/home/usuario/.m2/repository/org/springframework/spring-orm/5.3.22/spring-orm-5.3.22.jar:/home/usuario/.m2/repository/org/springframework/spring-aspects/5.3.22/spring-aspects-5.3.22.jar:/home/usuario/.m2/repository/org/springframework/boot/spring-boot-starter-tomcat/2.7.2/spring-boot-starter-tomcat-2.7.2.jar:/home/usuario/.m2/repository/jakarta/annotation/jakarta.annotation-api/1.3.5/jakarta.annotation-api-1.3.5.jar:/home/usuario/.m2/repository/org/apache/tomcat/embed/tomcat-embed-core/9.0.65/tomcat-embed-core-9.0.65.jar:/home/usuario/.m2/repository/org/apache/tomcat/embed/tomcat-embed-el/9.0.65/tomcat-embed-el-9.0.65.jar:/home/usuario/.m2/repository/org/apache/tomcat/embed/tomcat-embed-websocket/9.0.65/tomcat-embed-websocket-9.0.65.jar:/home/usuario/.m2/repository/org/springframework/boot/spring-boot-starter-jdbc/2.7.2/spring-boot-starter-jdbc-2.7.2.jar:/home/usuario/.m2/repository/com/zaxxer/HikariCP/4.0.3/HikariCP-4.0.3.jar:/home/usuario/.m2/repository/org/springframework/spring-jdbc/5.3.22/spring-jdbc-5.3.22.jar:/home/usuario/.m2/repository/org/mariadb/jdbc/mariadb-java-client/3.0.6/mariadb-java-client-3.0.6.jar:/home/usuario/.m2/repository/org/springframework/data/spring-data-commons/2.7.2/spring-data-commons-2.7.2.jar:/home/usuario/.m2/repository/org/springframework/spring-beans/5.3.22/spring-beans-5.3.22.jar:/home/usuario/.m2/repository/com/google/guava/guava/28.2-android/guava-28.2-android.jar:/home/usuario/.m2/repository/com/google/guava/failureaccess/1.0.1/failureaccess-1.0.1.jar:/home/usuario/.m2/repository/com/google/guava/listenablefuture/9999.0-empty-to-avoid-conflict-with-guava/listenablefuture-9999.0-empty-to-avoid-conflict-with-guava.jar:/home/usuario/.m2/repository/com/google/code/findbugs/jsr305/3.0.2/jsr305-3.0.2.jar:/home/usuario/.m2/repository/org/checkerframework/checker-compat-qual/2.5.5/checker-compat-qual-2.5.5.jar:/home/usuario/.m2/repository/com/google/errorprone/error_prone_annotations/2.3.4/error_prone_annotations-2.3.4.jar:/home/usuario/.m2/repository/com/google/j2objc/j2objc-annotations/1.3/j2objc-annotations-1.3.jar:"/>
    <property name="sun.cpu.endian" value="little"/>
    <property name="user.home" value="/home/usuario"/>
    <property name="user.language" value="es"/>
    <property name="java.specification.vendor" value="Oracle Corporation"/>
    <property name="java.version.date" value="2022-04-19"/>
    <property name="java.home" value="/usr/lib/jvm/java-11-openjdk-amd64"/>
    <property name="file.separator" value="/"/>
    <property name="basedir" value="/home/usuario/NetBeansProjects/SpringBoot/examen"/>
    <property name="java.vm.compressedOopsMode" value="32-bit"/>
    <property name="line.separator" value="&#10;"/>
    <property name="java.specification.name" value="Java Platform API Specification"/>
    <property name="java.vm.specification.vendor" value="Oracle Corporation"/>
    <property name="java.awt.graphicsenv" value="sun.awt.X11GraphicsEnvironment"/>
    <property name="surefire.real.class.path" value="/home/usuario/NetBeansProjects/SpringBoot/examen/target/surefire/surefirebooter12346625392653905624.jar"/>
    <property name="sun.management.compiler" value="HotSpot 64-Bit Tiered Compilers"/>
    <property name="java.runtime.version" value="11.0.15+10-Ubuntu-0ubuntu0.20.04.1"/>
    <property name="user.name" value="usuario"/>
    <property name="path.separator" value=":"/>
    <property name="os.version" value="5.15.0-41-generic"/>
    <property name="java.runtime.name" value="OpenJDK Runtime Environment"/>
    <property name="file.encoding" value="UTF-8"/>
    <property name="java.vm.name" value="OpenJDK 64-Bit Server VM"/>
    <property name="maven.ext.class.path" value="/snap/netbeans/64/netbeans/java/maven-nblib/netbeans-eventspy.jar"/>
    <property name="localRepository" value="/home/usuario/.m2/repository"/>
    <property name="java.vendor.url.bug" value="Unknown"/>
    <property name="java.io.tmpdir" value="/tmp"/>
    <property name="java.version" value="11.0.15"/>
    <property name="user.dir" value="/home/usuario/NetBeansProjects/SpringBoot/examen"/>
    <property name="os.arch" value="amd64"/>
    <property name="java.vm.specification.name" value="Java Virtual Machine Specification"/>
    <property name="java.awt.printerjob" value="sun.print.PSPrinterJob"/>
    <property name="sun.os.patch.level" value="unknown"/>
    <property name="java.library.path" value="/usr/java/packages/lib:/usr/lib/x86_64-linux-gnu/jni:/lib/x86_64-linux-gnu:/usr/lib/x86_64-linux-gnu:/usr/lib/jni:/lib:/usr/lib"/>
    <property name="java.vm.info" value="mixed mode, sharing"/>
    <property name="java.vendor" value="Private Build"/>
    <property name="java.vm.version" value="11.0.15+10-Ubuntu-0ubuntu0.20.04.1"/>
    <property name="sun.io.unicode.encoding" value="UnicodeLittle"/>
    <property name="java.class.version" value="55.0"/>
  </properties>
  <testcase name="contextLoads" classname="examen.demo.DemoApplicationTests" time="0.055"/>
</testsuite>